#
# A fatal error has been detected by the Java Runtime Environment:
#
#  EXCEPTION_STACK_OVERFLOW (0xc00000fd) at pc=0x00007ff8b18853a3, pid=17372, tid=12484
#
# JRE version: OpenJDK Runtime Environment Microsoft-13053607 (25.0.2+10) (build 25.0.2+10-LTS)
# Java VM: OpenJDK 64-Bit Server VM Microsoft-13053607 (25.0.2+10-LTS, mixed mode, sharing, tiered, compressed oops, compressed class ptrs, g1 gc, windows-amd64)
# Problematic frame:
# V  [jvm.dll+0x4853a3]
#
# No core dump will be written. Minidumps are not enabled by default on client versions of Windows
#
# If you would like to submit a bug report, please visit:
#   https://github.com/microsoft/openjdk/issues
#

---------------  S U M M A R Y ------------

Command Line: c:\Users\DanielCole\Documents\Datavetenskap\Yr3\34-KandidatArbete\Implementing-a-new-programming-language\target\LLVMINI-1.0-SNAPSHOT.jar 1 + 1
2.2 + 3.3

int int int int int int int int int int int int int int int int int int int x = 2


Host: Intel(R) Core(TM) i5-7200U CPU @ 2.50GHz, 4 cores, 3G,  Windows 10 , 64 bit Build 19041 (10.0.19041.6807)
Time: Sun Mar 29 17:40:33 2026 W. Europe Summer Time elapsed time: 6.998408 seconds (0d 0h 0m 6s)

---------------  T H R E A D  ---------------

Current thread (0x00000279d040b5b0):  JavaThread "Finalizer" daemon [_thread_in_vm, id=12484, stack(0x000000a155700000,0x000000a155800000) (1024K)]

Stack: [0x000000a155700000,0x000000a155800000],  sp=0x000000a1557ff2d0,  free space=1020k
Native frames: (J=compiled Java code, j=interpreted, Vv=VM code, C=native code)
V  [jvm.dll+0x4853a3]  (no source info available)
V  [jvm.dll+0x7b36c2]  (no source info available)
V  [jvm.dll+0x4860cc]  (no source info available)
V  [jvm.dll+0x486357]  (no source info available)
V  [jvm.dll+0x524d03]  (no source info available)
V  [jvm.dll+0x498ca5]  (no source info available)
V  [jvm.dll+0x99f65d]  (no source info available)
